[2026-04-04T15:22:33.656+0000] {manager.py:469} INFO - Processing files using up to 1 processes at a time 
[2026-04-04T15:22:33.657+0000] {manager.py:470} INFO - Process each file at most once every 30 seconds
[2026-04-04T15:22:33.658+0000] {manager.py:471} INFO - Checking for new files in /opt/airflow/dags every 300 seconds
[2026-04-04T15:22:33.659+0000] {manager.py:738} INFO - Searching for files in /opt/airflow/dags
[2026-04-04T15:22:33.674+0000] {manager.py:741} INFO - There are 1 files in /opt/airflow/dags
[2026-04-04T15:22:35.947+0000] {manager.py:879} INFO - 
================================================================================
DAG File Processing Stats

File Path                          PID    Runtime      # DAGs    # Errors  Last Runtime    Last Run
---------------------------------  -----  ---------  --------  ----------  --------------  -------------------
/opt/airflow/dags/football_dag.py                           1           0  2.21s           2026-04-04T15:22:35
================================================================================
[2026-04-04T15:23:06.388+0000] {manager.py:879} INFO - 
================================================================================
DAG File Processing Stats

File Path                          PID    Runtime      # DAGs    # Errors  Last Runtime    Last Run
---------------------------------  -----  ---------  --------  ----------  --------------  -------------------
/opt/airflow/dags/football_dag.py                           1           0  0.41s           2026-04-04T15:23:06
================================================================================
[2026-04-04T15:23:37.912+0000] {manager.py:879} INFO - 
================================================================================
DAG File Processing Stats

File Path                          PID    Runtime      # DAGs    # Errors  Last Runtime    Last Run
---------------------------------  -----  ---------  --------  ----------  --------------  -------------------
/opt/airflow/dags/football_dag.py                           1           0  0.51s           2026-04-04T15:23:37
================================================================================
[2026-04-04T15:24:09.145+0000] {manager.py:879} INFO - 
================================================================================
DAG File Processing Stats

File Path                          PID    Runtime      # DAGs    # Errors  Last Runtime    Last Run
---------------------------------  -----  ---------  --------  ----------  --------------  -------------------
/opt/airflow/dags/football_dag.py                           1           0  0.41s           2026-04-04T15:24:09
================================================================================
[2026-04-04T15:24:39.801+0000] {manager.py:879} INFO - 
================================================================================
DAG File Processing Stats

File Path                          PID    Runtime      # DAGs    # Errors  Last Runtime    Last Run
---------------------------------  -----  ---------  --------  ----------  --------------  -------------------
/opt/airflow/dags/football_dag.py                           1           0  0.61s           2026-04-04T15:24:39
================================================================================
[2026-04-04T15:25:10.784+0000] {manager.py:879} INFO - 
================================================================================
DAG File Processing Stats

File Path                          PID    Runtime      # DAGs    # Errors  Last Runtime    Last Run
---------------------------------  -----  ---------  --------  ----------  --------------  -------------------
/opt/airflow/dags/football_dag.py                           1           0  0.40s           2026-04-04T15:25:10
================================================================================
[2026-04-04T15:25:41.529+0000] {manager.py:879} INFO - 
================================================================================
DAG File Processing Stats

File Path                          PID    Runtime      # DAGs    # Errors  Last Runtime    Last Run
---------------------------------  -----  ---------  --------  ----------  --------------  -------------------
/opt/airflow/dags/football_dag.py                           1           0  0.41s           2026-04-04T15:25:41
================================================================================
[2026-04-04T15:26:12.316+0000] {manager.py:879} INFO - 
================================================================================
DAG File Processing Stats

File Path                          PID    Runtime      # DAGs    # Errors  Last Runtime    Last Run
---------------------------------  -----  ---------  --------  ----------  --------------  -------------------
/opt/airflow/dags/football_dag.py                           1           0  0.41s           2026-04-04T15:26:12
================================================================================
[2026-04-04T15:26:43.083+0000] {manager.py:879} INFO - 
================================================================================
DAG File Processing Stats

File Path                          PID    Runtime      # DAGs    # Errors  Last Runtime    Last Run
---------------------------------  -----  ---------  --------  ----------  --------------  -------------------
/opt/airflow/dags/football_dag.py                           1           0  0.41s           2026-04-04T15:26:43
================================================================================
[2026-04-04T15:27:13.986+0000] {manager.py:879} INFO - 
================================================================================
DAG File Processing Stats

File Path                          PID    Runtime      # DAGs    # Errors  Last Runtime    Last Run
---------------------------------  -----  ---------  --------  ----------  --------------  -------------------
/opt/airflow/dags/football_dag.py                           1           0  0.41s           2026-04-04T15:27:13
================================================================================
[2026-04-04T15:27:33.771+0000] {manager.py:738} INFO - Searching for files in /opt/airflow/dags
[2026-04-04T15:27:33.797+0000] {manager.py:741} INFO - There are 1 files in /opt/airflow/dags
[2026-04-04T15:27:44.859+0000] {manager.py:879} INFO - 
================================================================================
DAG File Processing Stats

File Path                          PID    Runtime      # DAGs    # Errors  Last Runtime    Last Run
---------------------------------  -----  ---------  --------  ----------  --------------  -------------------
/opt/airflow/dags/football_dag.py                           1           0  0.51s           2026-04-04T15:27:44
================================================================================
[2026-04-04T15:28:14.286+0000] {manager.py:469} INFO - Processing files using up to 1 processes at a time 
[2026-04-04T15:28:14.287+0000] {manager.py:470} INFO - Process each file at most once every 30 seconds
[2026-04-04T15:28:14.287+0000] {manager.py:471} INFO - Checking for new files in /opt/airflow/dags every 300 seconds
[2026-04-04T15:28:14.288+0000] {manager.py:738} INFO - Searching for files in /opt/airflow/dags
[2026-04-04T15:28:14.315+0000] {manager.py:741} INFO - There are 1 files in /opt/airflow/dags
[2026-04-04T15:28:14.774+0000] {manager.py:879} INFO - 
================================================================================
DAG File Processing Stats

File Path                          PID    Runtime      # DAGs    # Errors  Last Runtime    Last Run
---------------------------------  -----  ---------  --------  ----------  --------------  -------------------
/opt/airflow/dags/football_dag.py                           1           0  0.41s           2026-04-04T15:28:14
================================================================================
[2026-04-04T15:28:15.522+0000] {manager.py:879} INFO - 
================================================================================
DAG File Processing Stats

File Path                          PID    Runtime      # DAGs    # Errors  Last Runtime    Last Run
---------------------------------  -----  ---------  --------  ----------  --------------  -------------------
/opt/airflow/dags/football_dag.py                           1           0  0.40s           2026-04-04T15:28:15
================================================================================
[2026-04-04T15:28:46.423+0000] {manager.py:879} INFO - 
================================================================================
DAG File Processing Stats

File Path                          PID    Runtime      # DAGs    # Errors  Last Runtime    Last Run
---------------------------------  -----  ---------  --------  ----------  --------------  -------------------
/opt/airflow/dags/football_dag.py                           1           0  0.81s           2026-04-04T15:28:46
================================================================================
[2026-04-04T15:28:46.495+0000] {manager.py:879} INFO - 
================================================================================
DAG File Processing Stats

File Path                          PID    Runtime      # DAGs    # Errors  Last Runtime    Last Run
---------------------------------  -----  ---------  --------  ----------  --------------  -------------------
/opt/airflow/dags/football_dag.py                           1           0  0.81s           2026-04-04T15:28:46
================================================================================
[2026-04-04T15:29:17.179+0000] {manager.py:879} INFO - 
================================================================================
DAG File Processing Stats

File Path                          PID    Runtime      # DAGs    # Errors  Last Runtime    Last Run
---------------------------------  -----  ---------  --------  ----------  --------------  -------------------
/opt/airflow/dags/football_dag.py                           1           0  0.51s           2026-04-04T15:29:17
================================================================================
[2026-04-04T15:29:17.337+0000] {manager.py:879} INFO - 
================================================================================
DAG File Processing Stats

File Path                          PID    Runtime      # DAGs    # Errors  Last Runtime    Last Run
---------------------------------  -----  ---------  --------  ----------  --------------  -------------------
/opt/airflow/dags/football_dag.py                           1           0  0.41s           2026-04-04T15:29:17
================================================================================
[2026-04-04T15:29:47.737+0000] {manager.py:879} INFO - 
================================================================================
DAG File Processing Stats

File Path                          PID    Runtime      # DAGs    # Errors  Last Runtime    Last Run
---------------------------------  -----  ---------  --------  ----------  --------------  -------------------
/opt/airflow/dags/football_dag.py                           1           0  0.41s           2026-04-04T15:29:47
================================================================================
[2026-04-04T15:29:48.771+0000] {manager.py:879} INFO - 
================================================================================
DAG File Processing Stats

File Path                          PID    Runtime      # DAGs    # Errors  Last Runtime    Last Run
---------------------------------  -----  ---------  --------  ----------  --------------  -------------------
/opt/airflow/dags/football_dag.py                           1           0  0.41s           2026-04-04T15:29:48
================================================================================
[2026-04-04T15:30:18.334+0000] {manager.py:879} INFO - 
================================================================================
DAG File Processing Stats

File Path                          PID    Runtime      # DAGs    # Errors  Last Runtime    Last Run
---------------------------------  -----  ---------  --------  ----------  --------------  -------------------
/opt/airflow/dags/football_dag.py                           1           0  0.41s           2026-04-04T15:30:18
================================================================================
[2026-04-04T15:30:20.085+0000] {manager.py:879} INFO - 
================================================================================
DAG File Processing Stats

File Path                          PID    Runtime      # DAGs    # Errors  Last Runtime    Last Run
---------------------------------  -----  ---------  --------  ----------  --------------  -------------------
/opt/airflow/dags/football_dag.py                           1           0  0.31s           2026-04-04T15:30:20
================================================================================
[2026-04-04T15:30:48.934+0000] {manager.py:879} INFO - 
================================================================================
DAG File Processing Stats

File Path                          PID    Runtime      # DAGs    # Errors  Last Runtime    Last Run
---------------------------------  -----  ---------  --------  ----------  --------------  -------------------
/opt/airflow/dags/football_dag.py                           1           0  0.41s           2026-04-04T15:30:48
================================================================================
[2026-04-04T15:30:50.461+0000] {manager.py:879} INFO - 
================================================================================
DAG File Processing Stats

File Path                          PID    Runtime      # DAGs    # Errors  Last Runtime    Last Run
---------------------------------  -----  ---------  --------  ----------  --------------  -------------------
/opt/airflow/dags/football_dag.py                           1           0  0.31s           2026-04-04T15:30:50
================================================================================
[2026-04-04T15:31:19.685+0000] {manager.py:879} INFO - 
================================================================================
DAG File Processing Stats

File Path                          PID    Runtime      # DAGs    # Errors  Last Runtime    Last Run
---------------------------------  -----  ---------  --------  ----------  --------------  -------------------
/opt/airflow/dags/football_dag.py                           1           0  0.51s           2026-04-04T15:31:19
================================================================================
[2026-04-04T15:31:20.923+0000] {manager.py:879} INFO - 
================================================================================
DAG File Processing Stats

File Path                          PID    Runtime      # DAGs    # Errors  Last Runtime    Last Run
---------------------------------  -----  ---------  --------  ----------  --------------  -------------------
/opt/airflow/dags/football_dag.py                           1           0  0.41s           2026-04-04T15:31:20
================================================================================
[2026-04-04T15:31:50.336+0000] {manager.py:879} INFO - 
================================================================================
DAG File Processing Stats

File Path                          PID    Runtime      # DAGs    # Errors  Last Runtime    Last Run
---------------------------------  -----  ---------  --------  ----------  --------------  -------------------
/opt/airflow/dags/football_dag.py                           1           0  0.51s           2026-04-04T15:31:50
================================================================================
[2026-04-04T15:31:52.153+0000] {manager.py:879} INFO - 
================================================================================
DAG File Processing Stats

File Path                          PID    Runtime      # DAGs    # Errors  Last Runtime    Last Run
---------------------------------  -----  ---------  --------  ----------  --------------  -------------------
/opt/airflow/dags/football_dag.py                           1           0  0.41s           2026-04-04T15:31:52
================================================================================
[2026-04-04T15:32:20.831+0000] {manager.py:879} INFO - 
================================================================================
DAG File Processing Stats

File Path                          PID    Runtime      # DAGs    # Errors  Last Runtime    Last Run
---------------------------------  -----  ---------  --------  ----------  --------------  -------------------
/opt/airflow/dags/football_dag.py                           1           0  0.41s           2026-04-04T15:32:20
================================================================================
[2026-04-04T15:32:22.833+0000] {manager.py:879} INFO - 
================================================================================
DAG File Processing Stats

File Path                          PID    Runtime      # DAGs    # Errors  Last Runtime    Last Run
---------------------------------  -----  ---------  --------  ----------  --------------  -------------------
/opt/airflow/dags/football_dag.py                           1           0  0.41s           2026-04-04T15:32:22
================================================================================
[2026-04-04T15:32:33.975+0000] {manager.py:738} INFO - Searching for files in /opt/airflow/dags
[2026-04-04T15:32:33.998+0000] {manager.py:741} INFO - There are 1 files in /opt/airflow/dags
[2026-04-04T15:32:51.345+0000] {manager.py:879} INFO - 
================================================================================
DAG File Processing Stats

File Path                          PID    Runtime      # DAGs    # Errors  Last Runtime    Last Run
---------------------------------  -----  ---------  --------  ----------  --------------  -------------------
/opt/airflow/dags/football_dag.py                           1           0  0.41s           2026-04-04T15:32:51
================================================================================
[2026-04-04T15:32:53.600+0000] {manager.py:879} INFO - 
================================================================================
DAG File Processing Stats

File Path                          PID    Runtime      # DAGs    # Errors  Last Runtime    Last Run
---------------------------------  -----  ---------  --------  ----------  --------------  -------------------
/opt/airflow/dags/football_dag.py                           1           0  0.40s           2026-04-04T15:32:53
================================================================================
[2026-04-04T15:33:14.341+0000] {manager.py:738} INFO - Searching for files in /opt/airflow/dags
[2026-04-04T15:33:14.375+0000] {manager.py:741} INFO - There are 1 files in /opt/airflow/dags
[2026-04-04T15:33:21.860+0000] {manager.py:879} INFO - 
================================================================================
DAG File Processing Stats

File Path                          PID    Runtime      # DAGs    # Errors  Last Runtime    Last Run
---------------------------------  -----  ---------  --------  ----------  --------------  -------------------
/opt/airflow/dags/football_dag.py                           1           0  0.41s           2026-04-04T15:33:21
================================================================================
[2026-04-04T15:33:24.456+0000] {manager.py:879} INFO - 
================================================================================
DAG File Processing Stats

File Path                          PID    Runtime      # DAGs    # Errors  Last Runtime    Last Run
---------------------------------  -----  ---------  --------  ----------  --------------  -------------------
/opt/airflow/dags/football_dag.py                           1           0  0.41s           2026-04-04T15:33:24
================================================================================
[2026-04-04T15:33:52.454+0000] {manager.py:879} INFO - 
================================================================================
DAG File Processing Stats

File Path                          PID    Runtime      # DAGs    # Errors  Last Runtime    Last Run
---------------------------------  -----  ---------  --------  ----------  --------------  -------------------
/opt/airflow/dags/football_dag.py                           1           0  0.41s           2026-04-04T15:33:52
================================================================================
[2026-04-04T15:33:55.587+0000] {manager.py:879} INFO - 
================================================================================
DAG File Processing Stats

File Path                          PID    Runtime      # DAGs    # Errors  Last Runtime    Last Run
---------------------------------  -----  ---------  --------  ----------  --------------  -------------------
/opt/airflow/dags/football_dag.py                           1           0  0.41s           2026-04-04T15:33:55
================================================================================
[2026-04-04T15:34:23.571+0000] {manager.py:879} INFO - 
================================================================================
DAG File Processing Stats

File Path                          PID    Runtime      # DAGs    # Errors  Last Runtime    Last Run
---------------------------------  -----  ---------  --------  ----------  --------------  -------------------
/opt/airflow/dags/football_dag.py                           1           0  0.41s           2026-04-04T15:34:23
================================================================================
[2026-04-04T15:34:26.631+0000] {manager.py:879} INFO - 
================================================================================
DAG File Processing Stats

File Path                          PID    Runtime      # DAGs    # Errors  Last Runtime    Last Run
---------------------------------  -----  ---------  --------  ----------  --------------  -------------------
/opt/airflow/dags/football_dag.py                           1           0  0.51s           2026-04-04T15:34:26
================================================================================
[2026-04-04T15:34:54.158+0000] {manager.py:879} INFO - 
================================================================================
DAG File Processing Stats

File Path                          PID    Runtime      # DAGs    # Errors  Last Runtime    Last Run
---------------------------------  -----  ---------  --------  ----------  --------------  -------------------
/opt/airflow/dags/football_dag.py                           1           0  0.51s           2026-04-04T15:34:54
================================================================================
[2026-04-04T15:34:57.304+0000] {manager.py:879} INFO - 
================================================================================
DAG File Processing Stats

File Path                          PID    Runtime      # DAGs    # Errors  Last Runtime    Last Run
---------------------------------  -----  ---------  --------  ----------  --------------  -------------------
/opt/airflow/dags/football_dag.py                           1           0  0.41s           2026-04-04T15:34:57
================================================================================
[2026-04-04T15:35:24.664+0000] {manager.py:879} INFO - 
================================================================================
DAG File Processing Stats

File Path                          PID    Runtime      # DAGs    # Errors  Last Runtime    Last Run
---------------------------------  -----  ---------  --------  ----------  --------------  -------------------
/opt/airflow/dags/football_dag.py                           1           0  0.41s           2026-04-04T15:35:24
================================================================================
[2026-04-04T15:35:27.858+0000] {manager.py:879} INFO - 
================================================================================
DAG File Processing Stats

File Path                          PID    Runtime      # DAGs    # Errors  Last Runtime    Last Run
---------------------------------  -----  ---------  --------  ----------  --------------  -------------------
/opt/airflow/dags/football_dag.py                           1           0  0.42s           2026-04-04T15:35:27
================================================================================
[2026-04-04T15:35:55.162+0000] {manager.py:879} INFO - 
================================================================================
DAG File Processing Stats

File Path                          PID    Runtime      # DAGs    # Errors  Last Runtime    Last Run
---------------------------------  -----  ---------  --------  ----------  --------------  -------------------
/opt/airflow/dags/football_dag.py                           1           0  0.41s           2026-04-04T15:35:55
================================================================================
[2026-04-04T15:35:58.417+0000] {manager.py:879} INFO - 
================================================================================
DAG File Processing Stats

File Path                          PID    Runtime      # DAGs    # Errors  Last Runtime    Last Run
---------------------------------  -----  ---------  --------  ----------  --------------  -------------------
/opt/airflow/dags/football_dag.py                           1           0  0.41s           2026-04-04T15:35:58
================================================================================
[2026-04-04T15:36:25.802+0000] {manager.py:879} INFO - 
================================================================================
DAG File Processing Stats

File Path                          PID    Runtime      # DAGs    # Errors  Last Runtime    Last Run
---------------------------------  -----  ---------  --------  ----------  --------------  -------------------
/opt/airflow/dags/football_dag.py                           1           0  0.51s           2026-04-04T15:36:25
================================================================================
[2026-04-04T15:36:28.978+0000] {manager.py:879} INFO - 
================================================================================
DAG File Processing Stats

File Path                          PID    Runtime      # DAGs    # Errors  Last Runtime    Last Run
---------------------------------  -----  ---------  --------  ----------  --------------  -------------------
/opt/airflow/dags/football_dag.py                           1           0  0.41s           2026-04-04T15:36:28
================================================================================
[2026-04-04T15:36:56.426+0000] {manager.py:879} INFO - 
================================================================================
DAG File Processing Stats

File Path                          PID    Runtime      # DAGs    # Errors  Last Runtime    Last Run
---------------------------------  -----  ---------  --------  ----------  --------------  -------------------
/opt/airflow/dags/football_dag.py                           1           0  0.52s           2026-04-04T15:36:56
================================================================================
[2026-04-04T15:36:59.536+0000] {manager.py:879} INFO - 
================================================================================
DAG File Processing Stats

File Path                          PID    Runtime      # DAGs    # Errors  Last Runtime    Last Run
---------------------------------  -----  ---------  --------  ----------  --------------  -------------------
/opt/airflow/dags/football_dag.py                           1           0  0.41s           2026-04-04T15:36:59
================================================================================
[2026-04-04T15:37:26.936+0000] {manager.py:879} INFO - 
================================================================================
DAG File Processing Stats

File Path                          PID    Runtime      # DAGs    # Errors  Last Runtime    Last Run
---------------------------------  -----  ---------  --------  ----------  --------------  -------------------
/opt/airflow/dags/football_dag.py                           1           0  0.41s           2026-04-04T15:37:26
================================================================================
[2026-04-04T15:37:29.988+0000] {manager.py:879} INFO - 
================================================================================
DAG File Processing Stats

File Path                          PID    Runtime      # DAGs    # Errors  Last Runtime    Last Run
---------------------------------  -----  ---------  --------  ----------  --------------  -------------------
/opt/airflow/dags/football_dag.py                           1           0  0.31s           2026-04-04T15:37:29
================================================================================
[2026-04-04T15:37:34.155+0000] {manager.py:738} INFO - Searching for files in /opt/airflow/dags
[2026-04-04T15:37:34.238+0000] {manager.py:741} INFO - There are 1 files in /opt/airflow/dags
[2026-04-04T15:37:57.557+0000] {manager.py:879} INFO - 
================================================================================
DAG File Processing Stats

File Path                          PID    Runtime      # DAGs    # Errors  Last Runtime    Last Run
---------------------------------  -----  ---------  --------  ----------  --------------  -------------------
/opt/airflow/dags/football_dag.py                           1           0  0.51s           2026-04-04T15:37:57
================================================================================
[2026-04-04T15:38:00.531+0000] {manager.py:879} INFO - 
================================================================================
DAG File Processing Stats

File Path                          PID    Runtime      # DAGs    # Errors  Last Runtime    Last Run
---------------------------------  -----  ---------  --------  ----------  --------------  -------------------
/opt/airflow/dags/football_dag.py                           1           0  0.41s           2026-04-04T15:38:00
================================================================================
[2026-04-04T15:38:14.401+0000] {manager.py:738} INFO - Searching for files in /opt/airflow/dags
[2026-04-04T15:38:14.454+0000] {manager.py:741} INFO - There are 1 files in /opt/airflow/dags
[2026-04-04T15:38:28.253+0000] {manager.py:879} INFO - 
================================================================================
DAG File Processing Stats

File Path                          PID    Runtime      # DAGs    # Errors  Last Runtime    Last Run
---------------------------------  -----  ---------  --------  ----------  --------------  -------------------
/opt/airflow/dags/football_dag.py                           1           0  0.51s           2026-04-04T15:38:28
================================================================================
[2026-04-04T15:38:29.224+0000] {manager.py:451} INFO - Exiting gracefully upon receiving signal 15
