[2026-04-04T15:22:33.758+0000] {processor.py:161} INFO - Started process (PID=32) to work on /opt/airflow/dags/football_dag.py
[2026-04-04T15:22:33.760+0000] {processor.py:830} INFO - Processing file /opt/airflow/dags/football_dag.py for tasks to queue
[2026-04-04T15:22:33.761+0000] {logging_mixin.py:188} INFO - [2026-04-04T15:22:33.761+0000] {dagbag.py:538} INFO - Filling up the DagBag from /opt/airflow/dags/football_dag.py
[2026-04-04T15:22:34.717+0000] {processor.py:840} INFO - DAG(s) 'football_pipeline' retrieved from /opt/airflow/dags/football_dag.py
[2026-04-04T15:22:34.927+0000] {logging_mixin.py:188} INFO - [2026-04-04T15:22:34.927+0000] {override.py:1769} INFO - Created Permission View: can delete on DAG:football_pipeline
[2026-04-04T15:22:35.098+0000] {logging_mixin.py:188} INFO - [2026-04-04T15:22:35.098+0000] {override.py:1769} INFO - Created Permission View: can read on DAG:football_pipeline
[2026-04-04T15:22:35.207+0000] {logging_mixin.py:188} INFO - [2026-04-04T15:22:35.206+0000] {override.py:1769} INFO - Created Permission View: can edit on DAG:football_pipeline
[2026-04-04T15:22:35.208+0000] {logging_mixin.py:188} INFO - [2026-04-04T15:22:35.208+0000] {dag.py:3036} INFO - Sync 1 DAGs
[2026-04-04T15:22:35.298+0000] {logging_mixin.py:188} INFO - [2026-04-04T15:22:35.298+0000] {dag.py:3058} INFO - Creating ORM DAG for football_pipeline
[2026-04-04T15:22:35.319+0000] {logging_mixin.py:188} INFO - [2026-04-04T15:22:35.318+0000] {dag.py:3823} INFO - Setting next_dagrun for football_pipeline to 2026-04-03 09:00:00+00:00, run_after=2026-04-04 09:00:00+00:00
[2026-04-04T15:22:35.898+0000] {processor.py:183} INFO - Processing /opt/airflow/dags/football_dag.py took 2.143 seconds
[2026-04-04T15:23:06.005+0000] {processor.py:161} INFO - Started process (PID=34) to work on /opt/airflow/dags/football_dag.py
[2026-04-04T15:23:06.007+0000] {processor.py:830} INFO - Processing file /opt/airflow/dags/football_dag.py for tasks to queue
[2026-04-04T15:23:06.008+0000] {logging_mixin.py:188} INFO - [2026-04-04T15:23:06.008+0000] {dagbag.py:538} INFO - Filling up the DagBag from /opt/airflow/dags/football_dag.py
[2026-04-04T15:23:06.276+0000] {processor.py:840} INFO - DAG(s) 'football_pipeline' retrieved from /opt/airflow/dags/football_dag.py
[2026-04-04T15:23:06.296+0000] {logging_mixin.py:188} INFO - [2026-04-04T15:23:06.295+0000] {dag.py:3036} INFO - Sync 1 DAGs
[2026-04-04T15:23:06.317+0000] {logging_mixin.py:188} INFO - [2026-04-04T15:23:06.317+0000] {dag.py:3823} INFO - Setting next_dagrun for football_pipeline to 2026-04-03 09:00:00+00:00, run_after=2026-04-04 09:00:00+00:00
[2026-04-04T15:23:06.344+0000] {processor.py:183} INFO - Processing /opt/airflow/dags/football_dag.py took 0.342 seconds
[2026-04-04T15:23:37.445+0000] {processor.py:161} INFO - Started process (PID=36) to work on /opt/airflow/dags/football_dag.py
[2026-04-04T15:23:37.447+0000] {processor.py:830} INFO - Processing file /opt/airflow/dags/football_dag.py for tasks to queue
[2026-04-04T15:23:37.449+0000] {logging_mixin.py:188} INFO - [2026-04-04T15:23:37.448+0000] {dagbag.py:538} INFO - Filling up the DagBag from /opt/airflow/dags/football_dag.py
[2026-04-04T15:23:37.765+0000] {processor.py:840} INFO - DAG(s) 'football_pipeline' retrieved from /opt/airflow/dags/football_dag.py
[2026-04-04T15:23:37.789+0000] {logging_mixin.py:188} INFO - [2026-04-04T15:23:37.788+0000] {dag.py:3036} INFO - Sync 1 DAGs
[2026-04-04T15:23:37.812+0000] {logging_mixin.py:188} INFO - [2026-04-04T15:23:37.811+0000] {dag.py:3823} INFO - Setting next_dagrun for football_pipeline to 2026-04-03 09:00:00+00:00, run_after=2026-04-04 09:00:00+00:00
[2026-04-04T15:23:37.841+0000] {processor.py:183} INFO - Processing /opt/airflow/dags/football_dag.py took 0.402 seconds
[2026-04-04T15:24:08.758+0000] {processor.py:161} INFO - Started process (PID=38) to work on /opt/airflow/dags/football_dag.py
[2026-04-04T15:24:08.760+0000] {processor.py:830} INFO - Processing file /opt/airflow/dags/football_dag.py for tasks to queue
[2026-04-04T15:24:08.761+0000] {logging_mixin.py:188} INFO - [2026-04-04T15:24:08.761+0000] {dagbag.py:538} INFO - Filling up the DagBag from /opt/airflow/dags/football_dag.py
[2026-04-04T15:24:09.016+0000] {processor.py:840} INFO - DAG(s) 'football_pipeline' retrieved from /opt/airflow/dags/football_dag.py
[2026-04-04T15:24:09.040+0000] {logging_mixin.py:188} INFO - [2026-04-04T15:24:09.040+0000] {dag.py:3036} INFO - Sync 1 DAGs
[2026-04-04T15:24:09.061+0000] {logging_mixin.py:188} INFO - [2026-04-04T15:24:09.061+0000] {dag.py:3823} INFO - Setting next_dagrun for football_pipeline to 2026-04-03 09:00:00+00:00, run_after=2026-04-04 09:00:00+00:00
[2026-04-04T15:24:09.091+0000] {processor.py:183} INFO - Processing /opt/airflow/dags/football_dag.py took 0.336 seconds
[2026-04-04T15:24:39.223+0000] {processor.py:161} INFO - Started process (PID=40) to work on /opt/airflow/dags/football_dag.py
[2026-04-04T15:24:39.225+0000] {processor.py:830} INFO - Processing file /opt/airflow/dags/football_dag.py for tasks to queue
[2026-04-04T15:24:39.227+0000] {logging_mixin.py:188} INFO - [2026-04-04T15:24:39.227+0000] {dagbag.py:538} INFO - Filling up the DagBag from /opt/airflow/dags/football_dag.py
[2026-04-04T15:24:39.673+0000] {processor.py:840} INFO - DAG(s) 'football_pipeline' retrieved from /opt/airflow/dags/football_dag.py
[2026-04-04T15:24:39.691+0000] {logging_mixin.py:188} INFO - [2026-04-04T15:24:39.690+0000] {dag.py:3036} INFO - Sync 1 DAGs
[2026-04-04T15:24:39.708+0000] {logging_mixin.py:188} INFO - [2026-04-04T15:24:39.708+0000] {dag.py:3823} INFO - Setting next_dagrun for football_pipeline to 2026-04-03 09:00:00+00:00, run_after=2026-04-04 09:00:00+00:00
[2026-04-04T15:24:39.736+0000] {processor.py:183} INFO - Processing /opt/airflow/dags/football_dag.py took 0.517 seconds
[2026-04-04T15:25:10.397+0000] {processor.py:161} INFO - Started process (PID=42) to work on /opt/airflow/dags/football_dag.py
[2026-04-04T15:25:10.399+0000] {processor.py:830} INFO - Processing file /opt/airflow/dags/football_dag.py for tasks to queue
[2026-04-04T15:25:10.400+0000] {logging_mixin.py:188} INFO - [2026-04-04T15:25:10.399+0000] {dagbag.py:538} INFO - Filling up the DagBag from /opt/airflow/dags/football_dag.py
[2026-04-04T15:25:10.664+0000] {processor.py:840} INFO - DAG(s) 'football_pipeline' retrieved from /opt/airflow/dags/football_dag.py
[2026-04-04T15:25:10.689+0000] {logging_mixin.py:188} INFO - [2026-04-04T15:25:10.688+0000] {dag.py:3036} INFO - Sync 1 DAGs
[2026-04-04T15:25:10.710+0000] {logging_mixin.py:188} INFO - [2026-04-04T15:25:10.710+0000] {dag.py:3823} INFO - Setting next_dagrun for football_pipeline to 2026-04-03 09:00:00+00:00, run_after=2026-04-04 09:00:00+00:00
[2026-04-04T15:25:10.738+0000] {processor.py:183} INFO - Processing /opt/airflow/dags/football_dag.py took 0.344 seconds
[2026-04-04T15:25:41.150+0000] {processor.py:161} INFO - Started process (PID=44) to work on /opt/airflow/dags/football_dag.py
[2026-04-04T15:25:41.152+0000] {processor.py:830} INFO - Processing file /opt/airflow/dags/football_dag.py for tasks to queue
[2026-04-04T15:25:41.154+0000] {logging_mixin.py:188} INFO - [2026-04-04T15:25:41.153+0000] {dagbag.py:538} INFO - Filling up the DagBag from /opt/airflow/dags/football_dag.py
[2026-04-04T15:25:41.444+0000] {processor.py:840} INFO - DAG(s) 'football_pipeline' retrieved from /opt/airflow/dags/football_dag.py
[2026-04-04T15:25:41.464+0000] {logging_mixin.py:188} INFO - [2026-04-04T15:25:41.464+0000] {dag.py:3036} INFO - Sync 1 DAGs
[2026-04-04T15:25:41.482+0000] {logging_mixin.py:188} INFO - [2026-04-04T15:25:41.482+0000] {dag.py:3823} INFO - Setting next_dagrun for football_pipeline to 2026-04-03 09:00:00+00:00, run_after=2026-04-04 09:00:00+00:00
[2026-04-04T15:25:41.519+0000] {processor.py:183} INFO - Processing /opt/airflow/dags/football_dag.py took 0.371 seconds
[2026-04-04T15:26:11.940+0000] {processor.py:161} INFO - Started process (PID=46) to work on /opt/airflow/dags/football_dag.py
[2026-04-04T15:26:11.942+0000] {processor.py:830} INFO - Processing file /opt/airflow/dags/football_dag.py for tasks to queue
[2026-04-04T15:26:11.944+0000] {logging_mixin.py:188} INFO - [2026-04-04T15:26:11.944+0000] {dagbag.py:538} INFO - Filling up the DagBag from /opt/airflow/dags/football_dag.py
[2026-04-04T15:26:12.203+0000] {processor.py:840} INFO - DAG(s) 'football_pipeline' retrieved from /opt/airflow/dags/football_dag.py
[2026-04-04T15:26:12.220+0000] {logging_mixin.py:188} INFO - [2026-04-04T15:26:12.220+0000] {dag.py:3036} INFO - Sync 1 DAGs
[2026-04-04T15:26:12.237+0000] {logging_mixin.py:188} INFO - [2026-04-04T15:26:12.237+0000] {dag.py:3823} INFO - Setting next_dagrun for football_pipeline to 2026-04-03 09:00:00+00:00, run_after=2026-04-04 09:00:00+00:00
[2026-04-04T15:26:12.265+0000] {processor.py:183} INFO - Processing /opt/airflow/dags/football_dag.py took 0.330 seconds
[2026-04-04T15:26:42.697+0000] {processor.py:161} INFO - Started process (PID=48) to work on /opt/airflow/dags/football_dag.py
[2026-04-04T15:26:42.699+0000] {processor.py:830} INFO - Processing file /opt/airflow/dags/football_dag.py for tasks to queue
[2026-04-04T15:26:42.700+0000] {logging_mixin.py:188} INFO - [2026-04-04T15:26:42.700+0000] {dagbag.py:538} INFO - Filling up the DagBag from /opt/airflow/dags/football_dag.py
[2026-04-04T15:26:42.962+0000] {processor.py:840} INFO - DAG(s) 'football_pipeline' retrieved from /opt/airflow/dags/football_dag.py
[2026-04-04T15:26:42.986+0000] {logging_mixin.py:188} INFO - [2026-04-04T15:26:42.986+0000] {dag.py:3036} INFO - Sync 1 DAGs
[2026-04-04T15:26:43.008+0000] {logging_mixin.py:188} INFO - [2026-04-04T15:26:43.008+0000] {dag.py:3823} INFO - Setting next_dagrun for football_pipeline to 2026-04-03 09:00:00+00:00, run_after=2026-04-04 09:00:00+00:00
[2026-04-04T15:26:43.044+0000] {processor.py:183} INFO - Processing /opt/airflow/dags/football_dag.py took 0.349 seconds
[2026-04-04T15:27:13.602+0000] {processor.py:161} INFO - Started process (PID=50) to work on /opt/airflow/dags/football_dag.py
[2026-04-04T15:27:13.603+0000] {processor.py:830} INFO - Processing file /opt/airflow/dags/football_dag.py for tasks to queue
[2026-04-04T15:27:13.605+0000] {logging_mixin.py:188} INFO - [2026-04-04T15:27:13.604+0000] {dagbag.py:538} INFO - Filling up the DagBag from /opt/airflow/dags/football_dag.py
[2026-04-04T15:27:13.896+0000] {processor.py:840} INFO - DAG(s) 'football_pipeline' retrieved from /opt/airflow/dags/football_dag.py
[2026-04-04T15:27:13.918+0000] {logging_mixin.py:188} INFO - [2026-04-04T15:27:13.918+0000] {dag.py:3036} INFO - Sync 1 DAGs
[2026-04-04T15:27:13.936+0000] {logging_mixin.py:188} INFO - [2026-04-04T15:27:13.935+0000] {dag.py:3823} INFO - Setting next_dagrun for football_pipeline to 2026-04-03 09:00:00+00:00, run_after=2026-04-04 09:00:00+00:00
[2026-04-04T15:27:13.965+0000] {processor.py:183} INFO - Processing /opt/airflow/dags/football_dag.py took 0.365 seconds
[2026-04-04T15:27:44.372+0000] {processor.py:161} INFO - Started process (PID=52) to work on /opt/airflow/dags/football_dag.py
[2026-04-04T15:27:44.373+0000] {processor.py:830} INFO - Processing file /opt/airflow/dags/football_dag.py for tasks to queue
[2026-04-04T15:27:44.374+0000] {logging_mixin.py:188} INFO - [2026-04-04T15:27:44.374+0000] {dagbag.py:538} INFO - Filling up the DagBag from /opt/airflow/dags/football_dag.py
[2026-04-04T15:27:44.700+0000] {processor.py:840} INFO - DAG(s) 'football_pipeline' retrieved from /opt/airflow/dags/football_dag.py
[2026-04-04T15:27:44.726+0000] {logging_mixin.py:188} INFO - [2026-04-04T15:27:44.726+0000] {dag.py:3036} INFO - Sync 1 DAGs
[2026-04-04T15:27:44.749+0000] {logging_mixin.py:188} INFO - [2026-04-04T15:27:44.749+0000] {dag.py:3823} INFO - Setting next_dagrun for football_pipeline to 2026-04-03 09:00:00+00:00, run_after=2026-04-04 09:00:00+00:00
[2026-04-04T15:27:44.792+0000] {processor.py:183} INFO - Processing /opt/airflow/dags/football_dag.py took 0.424 seconds
[2026-04-04T15:28:14.395+0000] {processor.py:161} INFO - Started process (PID=75) to work on /opt/airflow/dags/football_dag.py
[2026-04-04T15:28:14.396+0000] {processor.py:830} INFO - Processing file /opt/airflow/dags/football_dag.py for tasks to queue
[2026-04-04T15:28:14.398+0000] {logging_mixin.py:188} INFO - [2026-04-04T15:28:14.397+0000] {dagbag.py:538} INFO - Filling up the DagBag from /opt/airflow/dags/football_dag.py
[2026-04-04T15:28:14.654+0000] {processor.py:840} INFO - DAG(s) 'football_pipeline' retrieved from /opt/airflow/dags/football_dag.py
[2026-04-04T15:28:14.661+0000] {logging_mixin.py:188} INFO - [2026-04-04T15:28:14.661+0000] {dag.py:3036} INFO - Sync 1 DAGs
[2026-04-04T15:28:14.680+0000] {logging_mixin.py:188} INFO - [2026-04-04T15:28:14.680+0000] {dag.py:3823} INFO - Setting next_dagrun for football_pipeline to 2026-04-03 09:00:00+00:00, run_after=2026-04-04 09:00:00+00:00
[2026-04-04T15:28:14.717+0000] {processor.py:183} INFO - Processing /opt/airflow/dags/football_dag.py took 0.327 seconds
[2026-04-04T15:28:15.135+0000] {processor.py:161} INFO - Started process (PID=54) to work on /opt/airflow/dags/football_dag.py
[2026-04-04T15:28:15.137+0000] {processor.py:830} INFO - Processing file /opt/airflow/dags/football_dag.py for tasks to queue
[2026-04-04T15:28:15.138+0000] {logging_mixin.py:188} INFO - [2026-04-04T15:28:15.138+0000] {dagbag.py:538} INFO - Filling up the DagBag from /opt/airflow/dags/football_dag.py
[2026-04-04T15:28:15.373+0000] {processor.py:840} INFO - DAG(s) 'football_pipeline' retrieved from /opt/airflow/dags/football_dag.py
[2026-04-04T15:28:15.381+0000] {logging_mixin.py:188} INFO - [2026-04-04T15:28:15.381+0000] {dag.py:3036} INFO - Sync 1 DAGs
[2026-04-04T15:28:15.407+0000] {logging_mixin.py:188} INFO - [2026-04-04T15:28:15.407+0000] {dag.py:3823} INFO - Setting next_dagrun for football_pipeline to 2026-04-03 09:00:00+00:00, run_after=2026-04-04 09:00:00+00:00
[2026-04-04T15:28:15.456+0000] {processor.py:183} INFO - Processing /opt/airflow/dags/football_dag.py took 0.323 seconds
[2026-04-04T15:28:45.653+0000] {processor.py:161} INFO - Started process (PID=82) to work on /opt/airflow/dags/football_dag.py
[2026-04-04T15:28:45.657+0000] {processor.py:830} INFO - Processing file /opt/airflow/dags/football_dag.py for tasks to queue
[2026-04-04T15:28:45.659+0000] {logging_mixin.py:188} INFO - [2026-04-04T15:28:45.659+0000] {dagbag.py:538} INFO - Filling up the DagBag from /opt/airflow/dags/football_dag.py
[2026-04-04T15:28:45.717+0000] {processor.py:161} INFO - Started process (PID=56) to work on /opt/airflow/dags/football_dag.py
[2026-04-04T15:28:45.719+0000] {processor.py:830} INFO - Processing file /opt/airflow/dags/football_dag.py for tasks to queue
[2026-04-04T15:28:45.721+0000] {logging_mixin.py:188} INFO - [2026-04-04T15:28:45.721+0000] {dagbag.py:538} INFO - Filling up the DagBag from /opt/airflow/dags/football_dag.py
[2026-04-04T15:28:46.003+0000] {processor.py:840} INFO - DAG(s) 'football_pipeline' retrieved from /opt/airflow/dags/football_dag.py
[2026-04-04T15:28:46.069+0000] {processor.py:840} INFO - DAG(s) 'football_pipeline' retrieved from /opt/airflow/dags/football_dag.py
[2026-04-04T15:28:46.105+0000] {logging_mixin.py:188} INFO - [2026-04-04T15:28:46.104+0000] {dag.py:3036} INFO - Sync 1 DAGs
[2026-04-04T15:28:46.127+0000] {logging_mixin.py:188} INFO - [2026-04-04T15:28:46.127+0000] {dag.py:3823} INFO - Setting next_dagrun for football_pipeline to 2026-04-03 09:00:00+00:00, run_after=2026-04-04 09:00:00+00:00
[2026-04-04T15:28:46.175+0000] {logging_mixin.py:188} INFO - [2026-04-04T15:28:46.174+0000] {dag.py:3036} INFO - Sync 1 DAGs
[2026-04-04T15:28:46.204+0000] {logging_mixin.py:188} INFO - [2026-04-04T15:28:46.204+0000] {dag.py:3823} INFO - Setting next_dagrun for football_pipeline to 2026-04-03 09:00:00+00:00, run_after=2026-04-04 09:00:00+00:00
[2026-04-04T15:28:46.366+0000] {processor.py:183} INFO - Processing /opt/airflow/dags/football_dag.py took 0.720 seconds
[2026-04-04T15:28:46.424+0000] {processor.py:183} INFO - Processing /opt/airflow/dags/football_dag.py took 0.712 seconds
[2026-04-04T15:29:16.730+0000] {processor.py:161} INFO - Started process (PID=58) to work on /opt/airflow/dags/football_dag.py
[2026-04-04T15:29:16.734+0000] {processor.py:830} INFO - Processing file /opt/airflow/dags/football_dag.py for tasks to queue
[2026-04-04T15:29:16.736+0000] {logging_mixin.py:188} INFO - [2026-04-04T15:29:16.735+0000] {dagbag.py:538} INFO - Filling up the DagBag from /opt/airflow/dags/football_dag.py
[2026-04-04T15:29:16.949+0000] {processor.py:161} INFO - Started process (PID=84) to work on /opt/airflow/dags/football_dag.py
[2026-04-04T15:29:16.953+0000] {processor.py:830} INFO - Processing file /opt/airflow/dags/football_dag.py for tasks to queue
[2026-04-04T15:29:16.955+0000] {logging_mixin.py:188} INFO - [2026-04-04T15:29:16.955+0000] {dagbag.py:538} INFO - Filling up the DagBag from /opt/airflow/dags/football_dag.py
[2026-04-04T15:29:17.038+0000] {processor.py:840} INFO - DAG(s) 'football_pipeline' retrieved from /opt/airflow/dags/football_dag.py
[2026-04-04T15:29:17.063+0000] {logging_mixin.py:188} INFO - [2026-04-04T15:29:17.063+0000] {dag.py:3036} INFO - Sync 1 DAGs
[2026-04-04T15:29:17.094+0000] {logging_mixin.py:188} INFO - [2026-04-04T15:29:17.094+0000] {dag.py:3823} INFO - Setting next_dagrun for football_pipeline to 2026-04-03 09:00:00+00:00, run_after=2026-04-04 09:00:00+00:00
[2026-04-04T15:29:17.130+0000] {processor.py:183} INFO - Processing /opt/airflow/dags/football_dag.py took 0.404 seconds
[2026-04-04T15:29:17.235+0000] {processor.py:840} INFO - DAG(s) 'football_pipeline' retrieved from /opt/airflow/dags/football_dag.py
[2026-04-04T15:29:17.256+0000] {logging_mixin.py:188} INFO - [2026-04-04T15:29:17.255+0000] {dag.py:3036} INFO - Sync 1 DAGs
[2026-04-04T15:29:17.275+0000] {logging_mixin.py:188} INFO - [2026-04-04T15:29:17.275+0000] {dag.py:3823} INFO - Setting next_dagrun for football_pipeline to 2026-04-03 09:00:00+00:00, run_after=2026-04-04 09:00:00+00:00
[2026-04-04T15:29:17.301+0000] {processor.py:183} INFO - Processing /opt/airflow/dags/football_dag.py took 0.356 seconds
[2026-04-04T15:29:47.359+0000] {processor.py:161} INFO - Started process (PID=60) to work on /opt/airflow/dags/football_dag.py
[2026-04-04T15:29:47.361+0000] {processor.py:830} INFO - Processing file /opt/airflow/dags/football_dag.py for tasks to queue
[2026-04-04T15:29:47.362+0000] {logging_mixin.py:188} INFO - [2026-04-04T15:29:47.362+0000] {dagbag.py:538} INFO - Filling up the DagBag from /opt/airflow/dags/football_dag.py
[2026-04-04T15:29:47.608+0000] {processor.py:840} INFO - DAG(s) 'football_pipeline' retrieved from /opt/airflow/dags/football_dag.py
[2026-04-04T15:29:47.627+0000] {logging_mixin.py:188} INFO - [2026-04-04T15:29:47.626+0000] {dag.py:3036} INFO - Sync 1 DAGs
[2026-04-04T15:29:47.644+0000] {logging_mixin.py:188} INFO - [2026-04-04T15:29:47.644+0000] {dag.py:3823} INFO - Setting next_dagrun for football_pipeline to 2026-04-03 09:00:00+00:00, run_after=2026-04-04 09:00:00+00:00
[2026-04-04T15:29:47.675+0000] {processor.py:183} INFO - Processing /opt/airflow/dags/football_dag.py took 0.321 seconds
[2026-04-04T15:29:48.388+0000] {processor.py:161} INFO - Started process (PID=86) to work on /opt/airflow/dags/football_dag.py
[2026-04-04T15:29:48.389+0000] {processor.py:830} INFO - Processing file /opt/airflow/dags/football_dag.py for tasks to queue
[2026-04-04T15:29:48.391+0000] {logging_mixin.py:188} INFO - [2026-04-04T15:29:48.390+0000] {dagbag.py:538} INFO - Filling up the DagBag from /opt/airflow/dags/football_dag.py
[2026-04-04T15:29:48.616+0000] {processor.py:840} INFO - DAG(s) 'football_pipeline' retrieved from /opt/airflow/dags/football_dag.py
[2026-04-04T15:29:48.633+0000] {logging_mixin.py:188} INFO - [2026-04-04T15:29:48.632+0000] {dag.py:3036} INFO - Sync 1 DAGs
[2026-04-04T15:29:48.650+0000] {logging_mixin.py:188} INFO - [2026-04-04T15:29:48.650+0000] {dag.py:3823} INFO - Setting next_dagrun for football_pipeline to 2026-04-03 09:00:00+00:00, run_after=2026-04-04 09:00:00+00:00
[2026-04-04T15:29:48.679+0000] {processor.py:183} INFO - Processing /opt/airflow/dags/football_dag.py took 0.295 seconds
[2026-04-04T15:30:17.959+0000] {processor.py:161} INFO - Started process (PID=62) to work on /opt/airflow/dags/football_dag.py
[2026-04-04T15:30:17.962+0000] {processor.py:830} INFO - Processing file /opt/airflow/dags/football_dag.py for tasks to queue
[2026-04-04T15:30:17.964+0000] {logging_mixin.py:188} INFO - [2026-04-04T15:30:17.964+0000] {dagbag.py:538} INFO - Filling up the DagBag from /opt/airflow/dags/football_dag.py
[2026-04-04T15:30:18.205+0000] {processor.py:840} INFO - DAG(s) 'football_pipeline' retrieved from /opt/airflow/dags/football_dag.py
[2026-04-04T15:30:18.222+0000] {logging_mixin.py:188} INFO - [2026-04-04T15:30:18.222+0000] {dag.py:3036} INFO - Sync 1 DAGs
[2026-04-04T15:30:18.238+0000] {logging_mixin.py:188} INFO - [2026-04-04T15:30:18.238+0000] {dag.py:3823} INFO - Setting next_dagrun for football_pipeline to 2026-04-03 09:00:00+00:00, run_after=2026-04-04 09:00:00+00:00
[2026-04-04T15:30:18.268+0000] {processor.py:183} INFO - Processing /opt/airflow/dags/football_dag.py took 0.314 seconds
[2026-04-04T15:30:19.797+0000] {processor.py:161} INFO - Started process (PID=88) to work on /opt/airflow/dags/football_dag.py
[2026-04-04T15:30:19.799+0000] {processor.py:830} INFO - Processing file /opt/airflow/dags/football_dag.py for tasks to queue
[2026-04-04T15:30:19.801+0000] {logging_mixin.py:188} INFO - [2026-04-04T15:30:19.801+0000] {dagbag.py:538} INFO - Filling up the DagBag from /opt/airflow/dags/football_dag.py
[2026-04-04T15:30:20.008+0000] {processor.py:840} INFO - DAG(s) 'football_pipeline' retrieved from /opt/airflow/dags/football_dag.py
[2026-04-04T15:30:20.028+0000] {logging_mixin.py:188} INFO - [2026-04-04T15:30:20.027+0000] {dag.py:3036} INFO - Sync 1 DAGs
[2026-04-04T15:30:20.048+0000] {logging_mixin.py:188} INFO - [2026-04-04T15:30:20.048+0000] {dag.py:3823} INFO - Setting next_dagrun for football_pipeline to 2026-04-03 09:00:00+00:00, run_after=2026-04-04 09:00:00+00:00
[2026-04-04T15:30:20.075+0000] {processor.py:183} INFO - Processing /opt/airflow/dags/football_dag.py took 0.282 seconds
[2026-04-04T15:30:48.558+0000] {processor.py:161} INFO - Started process (PID=64) to work on /opt/airflow/dags/football_dag.py
[2026-04-04T15:30:48.560+0000] {processor.py:830} INFO - Processing file /opt/airflow/dags/football_dag.py for tasks to queue
[2026-04-04T15:30:48.562+0000] {logging_mixin.py:188} INFO - [2026-04-04T15:30:48.561+0000] {dagbag.py:538} INFO - Filling up the DagBag from /opt/airflow/dags/football_dag.py
[2026-04-04T15:30:48.795+0000] {processor.py:840} INFO - DAG(s) 'football_pipeline' retrieved from /opt/airflow/dags/football_dag.py
[2026-04-04T15:30:48.811+0000] {logging_mixin.py:188} INFO - [2026-04-04T15:30:48.811+0000] {dag.py:3036} INFO - Sync 1 DAGs
[2026-04-04T15:30:48.826+0000] {logging_mixin.py:188} INFO - [2026-04-04T15:30:48.825+0000] {dag.py:3823} INFO - Setting next_dagrun for football_pipeline to 2026-04-03 09:00:00+00:00, run_after=2026-04-04 09:00:00+00:00
[2026-04-04T15:30:48.851+0000] {processor.py:183} INFO - Processing /opt/airflow/dags/football_dag.py took 0.297 seconds
[2026-04-04T15:30:50.175+0000] {processor.py:161} INFO - Started process (PID=90) to work on /opt/airflow/dags/football_dag.py
[2026-04-04T15:30:50.176+0000] {processor.py:830} INFO - Processing file /opt/airflow/dags/football_dag.py for tasks to queue
[2026-04-04T15:30:50.177+0000] {logging_mixin.py:188} INFO - [2026-04-04T15:30:50.177+0000] {dagbag.py:538} INFO - Filling up the DagBag from /opt/airflow/dags/football_dag.py
[2026-04-04T15:30:50.368+0000] {processor.py:840} INFO - DAG(s) 'football_pipeline' retrieved from /opt/airflow/dags/football_dag.py
[2026-04-04T15:30:50.383+0000] {logging_mixin.py:188} INFO - [2026-04-04T15:30:50.383+0000] {dag.py:3036} INFO - Sync 1 DAGs
[2026-04-04T15:30:50.396+0000] {logging_mixin.py:188} INFO - [2026-04-04T15:30:50.396+0000] {dag.py:3823} INFO - Setting next_dagrun for football_pipeline to 2026-04-03 09:00:00+00:00, run_after=2026-04-04 09:00:00+00:00
[2026-04-04T15:30:50.426+0000] {processor.py:183} INFO - Processing /opt/airflow/dags/football_dag.py took 0.254 seconds
[2026-04-04T15:31:19.224+0000] {processor.py:161} INFO - Started process (PID=66) to work on /opt/airflow/dags/football_dag.py
[2026-04-04T15:31:19.226+0000] {processor.py:830} INFO - Processing file /opt/airflow/dags/football_dag.py for tasks to queue
[2026-04-04T15:31:19.229+0000] {logging_mixin.py:188} INFO - [2026-04-04T15:31:19.228+0000] {dagbag.py:538} INFO - Filling up the DagBag from /opt/airflow/dags/football_dag.py
[2026-04-04T15:31:19.590+0000] {processor.py:840} INFO - DAG(s) 'football_pipeline' retrieved from /opt/airflow/dags/football_dag.py
[2026-04-04T15:31:19.609+0000] {logging_mixin.py:188} INFO - [2026-04-04T15:31:19.609+0000] {dag.py:3036} INFO - Sync 1 DAGs
[2026-04-04T15:31:19.629+0000] {logging_mixin.py:188} INFO - [2026-04-04T15:31:19.628+0000] {dag.py:3823} INFO - Setting next_dagrun for football_pipeline to 2026-04-03 09:00:00+00:00, run_after=2026-04-04 09:00:00+00:00
[2026-04-04T15:31:19.660+0000] {processor.py:183} INFO - Processing /opt/airflow/dags/football_dag.py took 0.440 seconds
[2026-04-04T15:31:20.551+0000] {processor.py:161} INFO - Started process (PID=92) to work on /opt/airflow/dags/football_dag.py
[2026-04-04T15:31:20.553+0000] {processor.py:830} INFO - Processing file /opt/airflow/dags/football_dag.py for tasks to queue
[2026-04-04T15:31:20.554+0000] {logging_mixin.py:188} INFO - [2026-04-04T15:31:20.554+0000] {dagbag.py:538} INFO - Filling up the DagBag from /opt/airflow/dags/football_dag.py
[2026-04-04T15:31:20.819+0000] {processor.py:840} INFO - DAG(s) 'football_pipeline' retrieved from /opt/airflow/dags/football_dag.py
[2026-04-04T15:31:20.838+0000] {logging_mixin.py:188} INFO - [2026-04-04T15:31:20.838+0000] {dag.py:3036} INFO - Sync 1 DAGs
[2026-04-04T15:31:20.854+0000] {logging_mixin.py:188} INFO - [2026-04-04T15:31:20.854+0000] {dag.py:3823} INFO - Setting next_dagrun for football_pipeline to 2026-04-03 09:00:00+00:00, run_after=2026-04-04 09:00:00+00:00
[2026-04-04T15:31:20.881+0000] {processor.py:183} INFO - Processing /opt/airflow/dags/football_dag.py took 0.333 seconds
[2026-04-04T15:31:49.851+0000] {processor.py:161} INFO - Started process (PID=68) to work on /opt/airflow/dags/football_dag.py
[2026-04-04T15:31:49.854+0000] {processor.py:830} INFO - Processing file /opt/airflow/dags/football_dag.py for tasks to queue
[2026-04-04T15:31:49.855+0000] {logging_mixin.py:188} INFO - [2026-04-04T15:31:49.855+0000] {dagbag.py:538} INFO - Filling up the DagBag from /opt/airflow/dags/football_dag.py
[2026-04-04T15:31:50.224+0000] {processor.py:840} INFO - DAG(s) 'football_pipeline' retrieved from /opt/airflow/dags/football_dag.py
[2026-04-04T15:31:50.255+0000] {logging_mixin.py:188} INFO - [2026-04-04T15:31:50.255+0000] {dag.py:3036} INFO - Sync 1 DAGs
[2026-04-04T15:31:50.283+0000] {logging_mixin.py:188} INFO - [2026-04-04T15:31:50.282+0000] {dag.py:3823} INFO - Setting next_dagrun for football_pipeline to 2026-04-03 09:00:00+00:00, run_after=2026-04-04 09:00:00+00:00
[2026-04-04T15:31:50.326+0000] {processor.py:183} INFO - Processing /opt/airflow/dags/football_dag.py took 0.478 seconds
[2026-04-04T15:31:51.778+0000] {processor.py:161} INFO - Started process (PID=94) to work on /opt/airflow/dags/football_dag.py
[2026-04-04T15:31:51.780+0000] {processor.py:830} INFO - Processing file /opt/airflow/dags/football_dag.py for tasks to queue
[2026-04-04T15:31:51.781+0000] {logging_mixin.py:188} INFO - [2026-04-04T15:31:51.781+0000] {dagbag.py:538} INFO - Filling up the DagBag from /opt/airflow/dags/football_dag.py
[2026-04-04T15:31:52.051+0000] {processor.py:840} INFO - DAG(s) 'football_pipeline' retrieved from /opt/airflow/dags/football_dag.py
[2026-04-04T15:31:52.071+0000] {logging_mixin.py:188} INFO - [2026-04-04T15:31:52.070+0000] {dag.py:3036} INFO - Sync 1 DAGs
[2026-04-04T15:31:52.089+0000] {logging_mixin.py:188} INFO - [2026-04-04T15:31:52.089+0000] {dag.py:3823} INFO - Setting next_dagrun for football_pipeline to 2026-04-03 09:00:00+00:00, run_after=2026-04-04 09:00:00+00:00
[2026-04-04T15:31:52.117+0000] {processor.py:183} INFO - Processing /opt/airflow/dags/football_dag.py took 0.344 seconds
[2026-04-04T15:32:20.446+0000] {processor.py:161} INFO - Started process (PID=70) to work on /opt/airflow/dags/football_dag.py
[2026-04-04T15:32:20.448+0000] {processor.py:830} INFO - Processing file /opt/airflow/dags/football_dag.py for tasks to queue
[2026-04-04T15:32:20.450+0000] {logging_mixin.py:188} INFO - [2026-04-04T15:32:20.449+0000] {dagbag.py:538} INFO - Filling up the DagBag from /opt/airflow/dags/football_dag.py
[2026-04-04T15:32:20.689+0000] {processor.py:840} INFO - DAG(s) 'football_pipeline' retrieved from /opt/airflow/dags/football_dag.py
[2026-04-04T15:32:20.705+0000] {logging_mixin.py:188} INFO - [2026-04-04T15:32:20.705+0000] {dag.py:3036} INFO - Sync 1 DAGs
[2026-04-04T15:32:20.722+0000] {logging_mixin.py:188} INFO - [2026-04-04T15:32:20.721+0000] {dag.py:3823} INFO - Setting next_dagrun for football_pipeline to 2026-04-03 09:00:00+00:00, run_after=2026-04-04 09:00:00+00:00
[2026-04-04T15:32:20.751+0000] {processor.py:183} INFO - Processing /opt/airflow/dags/football_dag.py took 0.308 seconds
[2026-04-04T15:32:22.450+0000] {processor.py:161} INFO - Started process (PID=97) to work on /opt/airflow/dags/football_dag.py
[2026-04-04T15:32:22.451+0000] {processor.py:830} INFO - Processing file /opt/airflow/dags/football_dag.py for tasks to queue
[2026-04-04T15:32:22.453+0000] {logging_mixin.py:188} INFO - [2026-04-04T15:32:22.452+0000] {dagbag.py:538} INFO - Filling up the DagBag from /opt/airflow/dags/football_dag.py
[2026-04-04T15:32:22.733+0000] {processor.py:840} INFO - DAG(s) 'football_pipeline' retrieved from /opt/airflow/dags/football_dag.py
[2026-04-04T15:32:22.756+0000] {logging_mixin.py:188} INFO - [2026-04-04T15:32:22.756+0000] {dag.py:3036} INFO - Sync 1 DAGs
[2026-04-04T15:32:22.778+0000] {logging_mixin.py:188} INFO - [2026-04-04T15:32:22.778+0000] {dag.py:3823} INFO - Setting next_dagrun for football_pipeline to 2026-04-03 09:00:00+00:00, run_after=2026-04-04 09:00:00+00:00
[2026-04-04T15:32:22.823+0000] {processor.py:183} INFO - Processing /opt/airflow/dags/football_dag.py took 0.377 seconds
[2026-04-04T15:32:50.971+0000] {processor.py:161} INFO - Started process (PID=72) to work on /opt/airflow/dags/football_dag.py
[2026-04-04T15:32:50.973+0000] {processor.py:830} INFO - Processing file /opt/airflow/dags/football_dag.py for tasks to queue
[2026-04-04T15:32:50.974+0000] {logging_mixin.py:188} INFO - [2026-04-04T15:32:50.974+0000] {dagbag.py:538} INFO - Filling up the DagBag from /opt/airflow/dags/football_dag.py
[2026-04-04T15:32:51.242+0000] {processor.py:840} INFO - DAG(s) 'football_pipeline' retrieved from /opt/airflow/dags/football_dag.py
[2026-04-04T15:32:51.261+0000] {logging_mixin.py:188} INFO - [2026-04-04T15:32:51.260+0000] {dag.py:3036} INFO - Sync 1 DAGs
[2026-04-04T15:32:51.279+0000] {logging_mixin.py:188} INFO - [2026-04-04T15:32:51.279+0000] {dag.py:3823} INFO - Setting next_dagrun for football_pipeline to 2026-04-03 09:00:00+00:00, run_after=2026-04-04 09:00:00+00:00
[2026-04-04T15:32:51.305+0000] {processor.py:183} INFO - Processing /opt/airflow/dags/football_dag.py took 0.337 seconds
[2026-04-04T15:32:53.225+0000] {processor.py:161} INFO - Started process (PID=99) to work on /opt/airflow/dags/football_dag.py
[2026-04-04T15:32:53.226+0000] {processor.py:830} INFO - Processing file /opt/airflow/dags/football_dag.py for tasks to queue
[2026-04-04T15:32:53.227+0000] {logging_mixin.py:188} INFO - [2026-04-04T15:32:53.227+0000] {dagbag.py:538} INFO - Filling up the DagBag from /opt/airflow/dags/football_dag.py
[2026-04-04T15:32:53.475+0000] {processor.py:840} INFO - DAG(s) 'football_pipeline' retrieved from /opt/airflow/dags/football_dag.py
[2026-04-04T15:32:53.499+0000] {logging_mixin.py:188} INFO - [2026-04-04T15:32:53.498+0000] {dag.py:3036} INFO - Sync 1 DAGs
[2026-04-04T15:32:53.531+0000] {logging_mixin.py:188} INFO - [2026-04-04T15:32:53.530+0000] {dag.py:3823} INFO - Setting next_dagrun for football_pipeline to 2026-04-03 09:00:00+00:00, run_after=2026-04-04 09:00:00+00:00
[2026-04-04T15:32:53.568+0000] {processor.py:183} INFO - Processing /opt/airflow/dags/football_dag.py took 0.348 seconds
[2026-04-04T15:33:21.482+0000] {processor.py:161} INFO - Started process (PID=74) to work on /opt/airflow/dags/football_dag.py
[2026-04-04T15:33:21.484+0000] {processor.py:830} INFO - Processing file /opt/airflow/dags/football_dag.py for tasks to queue
[2026-04-04T15:33:21.487+0000] {logging_mixin.py:188} INFO - [2026-04-04T15:33:21.486+0000] {dagbag.py:538} INFO - Filling up the DagBag from /opt/airflow/dags/football_dag.py
[2026-04-04T15:33:21.721+0000] {processor.py:840} INFO - DAG(s) 'football_pipeline' retrieved from /opt/airflow/dags/football_dag.py
[2026-04-04T15:33:21.738+0000] {logging_mixin.py:188} INFO - [2026-04-04T15:33:21.738+0000] {dag.py:3036} INFO - Sync 1 DAGs
[2026-04-04T15:33:21.762+0000] {logging_mixin.py:188} INFO - [2026-04-04T15:33:21.761+0000] {dag.py:3823} INFO - Setting next_dagrun for football_pipeline to 2026-04-03 09:00:00+00:00, run_after=2026-04-04 09:00:00+00:00
[2026-04-04T15:33:21.788+0000] {processor.py:183} INFO - Processing /opt/airflow/dags/football_dag.py took 0.311 seconds
[2026-04-04T15:33:24.090+0000] {processor.py:161} INFO - Started process (PID=101) to work on /opt/airflow/dags/football_dag.py
[2026-04-04T15:33:24.092+0000] {processor.py:830} INFO - Processing file /opt/airflow/dags/football_dag.py for tasks to queue
[2026-04-04T15:33:24.094+0000] {logging_mixin.py:188} INFO - [2026-04-04T15:33:24.093+0000] {dagbag.py:538} INFO - Filling up the DagBag from /opt/airflow/dags/football_dag.py
[2026-04-04T15:33:24.360+0000] {processor.py:840} INFO - DAG(s) 'football_pipeline' retrieved from /opt/airflow/dags/football_dag.py
[2026-04-04T15:33:24.378+0000] {logging_mixin.py:188} INFO - [2026-04-04T15:33:24.378+0000] {dag.py:3036} INFO - Sync 1 DAGs
[2026-04-04T15:33:24.396+0000] {logging_mixin.py:188} INFO - [2026-04-04T15:33:24.396+0000] {dag.py:3823} INFO - Setting next_dagrun for football_pipeline to 2026-04-03 09:00:00+00:00, run_after=2026-04-04 09:00:00+00:00
[2026-04-04T15:33:24.426+0000] {processor.py:183} INFO - Processing /opt/airflow/dags/football_dag.py took 0.340 seconds
[2026-04-04T15:33:52.077+0000] {processor.py:161} INFO - Started process (PID=106) to work on /opt/airflow/dags/football_dag.py
[2026-04-04T15:33:52.079+0000] {processor.py:830} INFO - Processing file /opt/airflow/dags/football_dag.py for tasks to queue
[2026-04-04T15:33:52.080+0000] {logging_mixin.py:188} INFO - [2026-04-04T15:33:52.080+0000] {dagbag.py:538} INFO - Filling up the DagBag from /opt/airflow/dags/football_dag.py
[2026-04-04T15:33:52.320+0000] {processor.py:840} INFO - DAG(s) 'football_pipeline' retrieved from /opt/airflow/dags/football_dag.py
[2026-04-04T15:33:52.350+0000] {logging_mixin.py:188} INFO - [2026-04-04T15:33:52.350+0000] {dag.py:3036} INFO - Sync 1 DAGs
[2026-04-04T15:33:52.378+0000] {logging_mixin.py:188} INFO - [2026-04-04T15:33:52.378+0000] {dag.py:3823} INFO - Setting next_dagrun for football_pipeline to 2026-04-04 09:00:00+00:00, run_after=2026-04-05 09:00:00+00:00
[2026-04-04T15:33:52.409+0000] {processor.py:183} INFO - Processing /opt/airflow/dags/football_dag.py took 0.336 seconds
[2026-04-04T15:33:55.206+0000] {processor.py:161} INFO - Started process (PID=118) to work on /opt/airflow/dags/football_dag.py
[2026-04-04T15:33:55.208+0000] {processor.py:830} INFO - Processing file /opt/airflow/dags/football_dag.py for tasks to queue
[2026-04-04T15:33:55.210+0000] {logging_mixin.py:188} INFO - [2026-04-04T15:33:55.210+0000] {dagbag.py:538} INFO - Filling up the DagBag from /opt/airflow/dags/football_dag.py
[2026-04-04T15:33:55.436+0000] {processor.py:840} INFO - DAG(s) 'football_pipeline' retrieved from /opt/airflow/dags/football_dag.py
[2026-04-04T15:33:55.454+0000] {logging_mixin.py:188} INFO - [2026-04-04T15:33:55.453+0000] {dag.py:3036} INFO - Sync 1 DAGs
[2026-04-04T15:33:55.471+0000] {logging_mixin.py:188} INFO - [2026-04-04T15:33:55.471+0000] {dag.py:3823} INFO - Setting next_dagrun for football_pipeline to 2026-04-04 09:00:00+00:00, run_after=2026-04-05 09:00:00+00:00
[2026-04-04T15:33:55.499+0000] {processor.py:183} INFO - Processing /opt/airflow/dags/football_dag.py took 0.297 seconds
[2026-04-04T15:34:23.195+0000] {processor.py:161} INFO - Started process (PID=123) to work on /opt/airflow/dags/football_dag.py
[2026-04-04T15:34:23.197+0000] {processor.py:830} INFO - Processing file /opt/airflow/dags/football_dag.py for tasks to queue
[2026-04-04T15:34:23.199+0000] {logging_mixin.py:188} INFO - [2026-04-04T15:34:23.199+0000] {dagbag.py:538} INFO - Filling up the DagBag from /opt/airflow/dags/football_dag.py
[2026-04-04T15:34:23.425+0000] {processor.py:840} INFO - DAG(s) 'football_pipeline' retrieved from /opt/airflow/dags/football_dag.py
[2026-04-04T15:34:23.443+0000] {logging_mixin.py:188} INFO - [2026-04-04T15:34:23.442+0000] {dag.py:3036} INFO - Sync 1 DAGs
[2026-04-04T15:34:23.459+0000] {logging_mixin.py:188} INFO - [2026-04-04T15:34:23.459+0000] {dag.py:3823} INFO - Setting next_dagrun for football_pipeline to 2026-04-04 09:00:00+00:00, run_after=2026-04-05 09:00:00+00:00
[2026-04-04T15:34:23.488+0000] {processor.py:183} INFO - Processing /opt/airflow/dags/football_dag.py took 0.302 seconds
[2026-04-04T15:34:26.170+0000] {processor.py:161} INFO - Started process (PID=150) to work on /opt/airflow/dags/football_dag.py
[2026-04-04T15:34:26.173+0000] {processor.py:830} INFO - Processing file /opt/airflow/dags/football_dag.py for tasks to queue
[2026-04-04T15:34:26.175+0000] {logging_mixin.py:188} INFO - [2026-04-04T15:34:26.174+0000] {dagbag.py:538} INFO - Filling up the DagBag from /opt/airflow/dags/football_dag.py
[2026-04-04T15:34:26.442+0000] {processor.py:840} INFO - DAG(s) 'football_pipeline' retrieved from /opt/airflow/dags/football_dag.py
[2026-04-04T15:34:26.473+0000] {logging_mixin.py:188} INFO - [2026-04-04T15:34:26.472+0000] {dag.py:3036} INFO - Sync 1 DAGs
[2026-04-04T15:34:26.506+0000] {logging_mixin.py:188} INFO - [2026-04-04T15:34:26.506+0000] {dag.py:3823} INFO - Setting next_dagrun for football_pipeline to 2026-04-04 09:00:00+00:00, run_after=2026-04-05 09:00:00+00:00
[2026-04-04T15:34:26.540+0000] {processor.py:183} INFO - Processing /opt/airflow/dags/football_dag.py took 0.376 seconds
[2026-04-04T15:34:53.682+0000] {processor.py:161} INFO - Started process (PID=125) to work on /opt/airflow/dags/football_dag.py
[2026-04-04T15:34:53.684+0000] {processor.py:830} INFO - Processing file /opt/airflow/dags/football_dag.py for tasks to queue
[2026-04-04T15:34:53.686+0000] {logging_mixin.py:188} INFO - [2026-04-04T15:34:53.685+0000] {dagbag.py:538} INFO - Filling up the DagBag from /opt/airflow/dags/football_dag.py
[2026-04-04T15:34:53.923+0000] {processor.py:840} INFO - DAG(s) 'football_pipeline' retrieved from /opt/airflow/dags/football_dag.py
[2026-04-04T15:34:53.939+0000] {logging_mixin.py:188} INFO - [2026-04-04T15:34:53.938+0000] {dag.py:3036} INFO - Sync 1 DAGs
[2026-04-04T15:34:53.954+0000] {logging_mixin.py:188} INFO - [2026-04-04T15:34:53.954+0000] {dag.py:3823} INFO - Setting next_dagrun for football_pipeline to 2026-04-04 09:00:00+00:00, run_after=2026-04-05 09:00:00+00:00
[2026-04-04T15:34:54.102+0000] {processor.py:183} INFO - Processing /opt/airflow/dags/football_dag.py took 0.424 seconds
[2026-04-04T15:34:56.935+0000] {processor.py:161} INFO - Started process (PID=152) to work on /opt/airflow/dags/football_dag.py
[2026-04-04T15:34:56.937+0000] {processor.py:830} INFO - Processing file /opt/airflow/dags/football_dag.py for tasks to queue
[2026-04-04T15:34:56.939+0000] {logging_mixin.py:188} INFO - [2026-04-04T15:34:56.938+0000] {dagbag.py:538} INFO - Filling up the DagBag from /opt/airflow/dags/football_dag.py
[2026-04-04T15:34:57.191+0000] {processor.py:840} INFO - DAG(s) 'football_pipeline' retrieved from /opt/airflow/dags/football_dag.py
[2026-04-04T15:34:57.213+0000] {logging_mixin.py:188} INFO - [2026-04-04T15:34:57.212+0000] {dag.py:3036} INFO - Sync 1 DAGs
[2026-04-04T15:34:57.236+0000] {logging_mixin.py:188} INFO - [2026-04-04T15:34:57.236+0000] {dag.py:3823} INFO - Setting next_dagrun for football_pipeline to 2026-04-04 09:00:00+00:00, run_after=2026-04-05 09:00:00+00:00
[2026-04-04T15:34:57.267+0000] {processor.py:183} INFO - Processing /opt/airflow/dags/football_dag.py took 0.337 seconds
[2026-04-04T15:35:24.284+0000] {processor.py:161} INFO - Started process (PID=127) to work on /opt/airflow/dags/football_dag.py
[2026-04-04T15:35:24.286+0000] {processor.py:830} INFO - Processing file /opt/airflow/dags/football_dag.py for tasks to queue
[2026-04-04T15:35:24.288+0000] {logging_mixin.py:188} INFO - [2026-04-04T15:35:24.287+0000] {dagbag.py:538} INFO - Filling up the DagBag from /opt/airflow/dags/football_dag.py
[2026-04-04T15:35:24.577+0000] {processor.py:840} INFO - DAG(s) 'football_pipeline' retrieved from /opt/airflow/dags/football_dag.py
[2026-04-04T15:35:24.603+0000] {logging_mixin.py:188} INFO - [2026-04-04T15:35:24.602+0000] {dag.py:3036} INFO - Sync 1 DAGs
[2026-04-04T15:35:24.623+0000] {logging_mixin.py:188} INFO - [2026-04-04T15:35:24.622+0000] {dag.py:3823} INFO - Setting next_dagrun for football_pipeline to 2026-04-04 09:00:00+00:00, run_after=2026-04-05 09:00:00+00:00
[2026-04-04T15:35:24.654+0000] {processor.py:183} INFO - Processing /opt/airflow/dags/football_dag.py took 0.374 seconds
[2026-04-04T15:35:27.474+0000] {processor.py:161} INFO - Started process (PID=154) to work on /opt/airflow/dags/football_dag.py
[2026-04-04T15:35:27.476+0000] {processor.py:830} INFO - Processing file /opt/airflow/dags/football_dag.py for tasks to queue
[2026-04-04T15:35:27.478+0000] {logging_mixin.py:188} INFO - [2026-04-04T15:35:27.477+0000] {dagbag.py:538} INFO - Filling up the DagBag from /opt/airflow/dags/football_dag.py
[2026-04-04T15:35:27.746+0000] {processor.py:840} INFO - DAG(s) 'football_pipeline' retrieved from /opt/airflow/dags/football_dag.py
[2026-04-04T15:35:27.766+0000] {logging_mixin.py:188} INFO - [2026-04-04T15:35:27.765+0000] {dag.py:3036} INFO - Sync 1 DAGs
[2026-04-04T15:35:27.785+0000] {logging_mixin.py:188} INFO - [2026-04-04T15:35:27.785+0000] {dag.py:3823} INFO - Setting next_dagrun for football_pipeline to 2026-04-04 09:00:00+00:00, run_after=2026-04-05 09:00:00+00:00
[2026-04-04T15:35:27.845+0000] {processor.py:183} INFO - Processing /opt/airflow/dags/football_dag.py took 0.374 seconds
[2026-04-04T15:35:54.784+0000] {processor.py:161} INFO - Started process (PID=129) to work on /opt/airflow/dags/football_dag.py
[2026-04-04T15:35:54.786+0000] {processor.py:830} INFO - Processing file /opt/airflow/dags/football_dag.py for tasks to queue
[2026-04-04T15:35:54.788+0000] {logging_mixin.py:188} INFO - [2026-04-04T15:35:54.787+0000] {dagbag.py:538} INFO - Filling up the DagBag from /opt/airflow/dags/football_dag.py
[2026-04-04T15:35:55.047+0000] {processor.py:840} INFO - DAG(s) 'football_pipeline' retrieved from /opt/airflow/dags/football_dag.py
[2026-04-04T15:35:55.063+0000] {logging_mixin.py:188} INFO - [2026-04-04T15:35:55.062+0000] {dag.py:3036} INFO - Sync 1 DAGs
[2026-04-04T15:35:55.078+0000] {logging_mixin.py:188} INFO - [2026-04-04T15:35:55.078+0000] {dag.py:3823} INFO - Setting next_dagrun for football_pipeline to 2026-04-04 09:00:00+00:00, run_after=2026-04-05 09:00:00+00:00
[2026-04-04T15:35:55.106+0000] {processor.py:183} INFO - Processing /opt/airflow/dags/football_dag.py took 0.330 seconds
[2026-04-04T15:35:58.041+0000] {processor.py:161} INFO - Started process (PID=156) to work on /opt/airflow/dags/football_dag.py
[2026-04-04T15:35:58.043+0000] {processor.py:830} INFO - Processing file /opt/airflow/dags/football_dag.py for tasks to queue
[2026-04-04T15:35:58.044+0000] {logging_mixin.py:188} INFO - [2026-04-04T15:35:58.044+0000] {dagbag.py:538} INFO - Filling up the DagBag from /opt/airflow/dags/football_dag.py
[2026-04-04T15:35:58.259+0000] {processor.py:840} INFO - DAG(s) 'football_pipeline' retrieved from /opt/airflow/dags/football_dag.py
[2026-04-04T15:35:58.276+0000] {logging_mixin.py:188} INFO - [2026-04-04T15:35:58.275+0000] {dag.py:3036} INFO - Sync 1 DAGs
[2026-04-04T15:35:58.292+0000] {logging_mixin.py:188} INFO - [2026-04-04T15:35:58.291+0000] {dag.py:3823} INFO - Setting next_dagrun for football_pipeline to 2026-04-04 09:00:00+00:00, run_after=2026-04-05 09:00:00+00:00
[2026-04-04T15:35:58.319+0000] {processor.py:183} INFO - Processing /opt/airflow/dags/football_dag.py took 0.282 seconds
[2026-04-04T15:36:25.314+0000] {processor.py:161} INFO - Started process (PID=131) to work on /opt/airflow/dags/football_dag.py
[2026-04-04T15:36:25.316+0000] {processor.py:830} INFO - Processing file /opt/airflow/dags/football_dag.py for tasks to queue
[2026-04-04T15:36:25.318+0000] {logging_mixin.py:188} INFO - [2026-04-04T15:36:25.318+0000] {dagbag.py:538} INFO - Filling up the DagBag from /opt/airflow/dags/football_dag.py
[2026-04-04T15:36:25.715+0000] {processor.py:840} INFO - DAG(s) 'football_pipeline' retrieved from /opt/airflow/dags/football_dag.py
[2026-04-04T15:36:25.732+0000] {logging_mixin.py:188} INFO - [2026-04-04T15:36:25.732+0000] {dag.py:3036} INFO - Sync 1 DAGs
[2026-04-04T15:36:25.756+0000] {logging_mixin.py:188} INFO - [2026-04-04T15:36:25.756+0000] {dag.py:3823} INFO - Setting next_dagrun for football_pipeline to 2026-04-04 09:00:00+00:00, run_after=2026-04-05 09:00:00+00:00
[2026-04-04T15:36:25.791+0000] {processor.py:183} INFO - Processing /opt/airflow/dags/football_dag.py took 0.480 seconds
[2026-04-04T15:36:28.594+0000] {processor.py:161} INFO - Started process (PID=158) to work on /opt/airflow/dags/football_dag.py
[2026-04-04T15:36:28.596+0000] {processor.py:830} INFO - Processing file /opt/airflow/dags/football_dag.py for tasks to queue
[2026-04-04T15:36:28.599+0000] {logging_mixin.py:188} INFO - [2026-04-04T15:36:28.598+0000] {dagbag.py:538} INFO - Filling up the DagBag from /opt/airflow/dags/football_dag.py
[2026-04-04T15:36:28.829+0000] {processor.py:840} INFO - DAG(s) 'football_pipeline' retrieved from /opt/airflow/dags/football_dag.py
[2026-04-04T15:36:28.843+0000] {logging_mixin.py:188} INFO - [2026-04-04T15:36:28.843+0000] {dag.py:3036} INFO - Sync 1 DAGs
[2026-04-04T15:36:28.858+0000] {logging_mixin.py:188} INFO - [2026-04-04T15:36:28.857+0000] {dag.py:3823} INFO - Setting next_dagrun for football_pipeline to 2026-04-04 09:00:00+00:00, run_after=2026-04-05 09:00:00+00:00
[2026-04-04T15:36:28.886+0000] {processor.py:183} INFO - Processing /opt/airflow/dags/football_dag.py took 0.296 seconds
[2026-04-04T15:36:55.939+0000] {processor.py:161} INFO - Started process (PID=133) to work on /opt/airflow/dags/football_dag.py
[2026-04-04T15:36:55.941+0000] {processor.py:830} INFO - Processing file /opt/airflow/dags/football_dag.py for tasks to queue
[2026-04-04T15:36:55.943+0000] {logging_mixin.py:188} INFO - [2026-04-04T15:36:55.943+0000] {dagbag.py:538} INFO - Filling up the DagBag from /opt/airflow/dags/football_dag.py
[2026-04-04T15:36:56.315+0000] {processor.py:840} INFO - DAG(s) 'football_pipeline' retrieved from /opt/airflow/dags/football_dag.py
[2026-04-04T15:36:56.358+0000] {logging_mixin.py:188} INFO - [2026-04-04T15:36:56.357+0000] {dag.py:3036} INFO - Sync 1 DAGs
[2026-04-04T15:36:56.384+0000] {logging_mixin.py:188} INFO - [2026-04-04T15:36:56.384+0000] {dag.py:3823} INFO - Setting next_dagrun for football_pipeline to 2026-04-04 09:00:00+00:00, run_after=2026-04-05 09:00:00+00:00
[2026-04-04T15:36:56.416+0000] {processor.py:183} INFO - Processing /opt/airflow/dags/football_dag.py took 0.479 seconds
[2026-04-04T15:36:59.155+0000] {processor.py:161} INFO - Started process (PID=160) to work on /opt/airflow/dags/football_dag.py
[2026-04-04T15:36:59.156+0000] {processor.py:830} INFO - Processing file /opt/airflow/dags/football_dag.py for tasks to queue
[2026-04-04T15:36:59.158+0000] {logging_mixin.py:188} INFO - [2026-04-04T15:36:59.157+0000] {dagbag.py:538} INFO - Filling up the DagBag from /opt/airflow/dags/football_dag.py
[2026-04-04T15:36:59.396+0000] {processor.py:840} INFO - DAG(s) 'football_pipeline' retrieved from /opt/airflow/dags/football_dag.py
[2026-04-04T15:36:59.412+0000] {logging_mixin.py:188} INFO - [2026-04-04T15:36:59.411+0000] {dag.py:3036} INFO - Sync 1 DAGs
[2026-04-04T15:36:59.427+0000] {logging_mixin.py:188} INFO - [2026-04-04T15:36:59.427+0000] {dag.py:3823} INFO - Setting next_dagrun for football_pipeline to 2026-04-04 09:00:00+00:00, run_after=2026-04-05 09:00:00+00:00
[2026-04-04T15:36:59.454+0000] {processor.py:183} INFO - Processing /opt/airflow/dags/football_dag.py took 0.302 seconds
[2026-04-04T15:37:26.554+0000] {processor.py:161} INFO - Started process (PID=135) to work on /opt/airflow/dags/football_dag.py
[2026-04-04T15:37:26.556+0000] {processor.py:830} INFO - Processing file /opt/airflow/dags/football_dag.py for tasks to queue
[2026-04-04T15:37:26.558+0000] {logging_mixin.py:188} INFO - [2026-04-04T15:37:26.557+0000] {dagbag.py:538} INFO - Filling up the DagBag from /opt/airflow/dags/football_dag.py
[2026-04-04T15:37:26.777+0000] {processor.py:840} INFO - DAG(s) 'football_pipeline' retrieved from /opt/airflow/dags/football_dag.py
[2026-04-04T15:37:26.795+0000] {logging_mixin.py:188} INFO - [2026-04-04T15:37:26.794+0000] {dag.py:3036} INFO - Sync 1 DAGs
[2026-04-04T15:37:26.812+0000] {logging_mixin.py:188} INFO - [2026-04-04T15:37:26.812+0000] {dag.py:3823} INFO - Setting next_dagrun for football_pipeline to 2026-04-04 09:00:00+00:00, run_after=2026-04-05 09:00:00+00:00
[2026-04-04T15:37:26.841+0000] {processor.py:183} INFO - Processing /opt/airflow/dags/football_dag.py took 0.290 seconds
[2026-04-04T15:37:29.710+0000] {processor.py:161} INFO - Started process (PID=162) to work on /opt/airflow/dags/football_dag.py
[2026-04-04T15:37:29.711+0000] {processor.py:830} INFO - Processing file /opt/airflow/dags/football_dag.py for tasks to queue
[2026-04-04T15:37:29.713+0000] {logging_mixin.py:188} INFO - [2026-04-04T15:37:29.712+0000] {dagbag.py:538} INFO - Filling up the DagBag from /opt/airflow/dags/football_dag.py
[2026-04-04T15:37:29.917+0000] {processor.py:840} INFO - DAG(s) 'football_pipeline' retrieved from /opt/airflow/dags/football_dag.py
[2026-04-04T15:37:29.935+0000] {logging_mixin.py:188} INFO - [2026-04-04T15:37:29.935+0000] {dag.py:3036} INFO - Sync 1 DAGs
[2026-04-04T15:37:29.951+0000] {logging_mixin.py:188} INFO - [2026-04-04T15:37:29.951+0000] {dag.py:3823} INFO - Setting next_dagrun for football_pipeline to 2026-04-04 09:00:00+00:00, run_after=2026-04-05 09:00:00+00:00
[2026-04-04T15:37:29.979+0000] {processor.py:183} INFO - Processing /opt/airflow/dags/football_dag.py took 0.274 seconds
[2026-04-04T15:37:57.077+0000] {processor.py:161} INFO - Started process (PID=137) to work on /opt/airflow/dags/football_dag.py
[2026-04-04T15:37:57.079+0000] {processor.py:830} INFO - Processing file /opt/airflow/dags/football_dag.py for tasks to queue
[2026-04-04T15:37:57.080+0000] {logging_mixin.py:188} INFO - [2026-04-04T15:37:57.079+0000] {dagbag.py:538} INFO - Filling up the DagBag from /opt/airflow/dags/football_dag.py
[2026-04-04T15:37:57.321+0000] {processor.py:840} INFO - DAG(s) 'football_pipeline' retrieved from /opt/airflow/dags/football_dag.py
[2026-04-04T15:37:57.339+0000] {logging_mixin.py:188} INFO - [2026-04-04T15:37:57.339+0000] {dag.py:3036} INFO - Sync 1 DAGs
[2026-04-04T15:37:57.356+0000] {logging_mixin.py:188} INFO - [2026-04-04T15:37:57.356+0000] {dag.py:3823} INFO - Setting next_dagrun for football_pipeline to 2026-04-04 09:00:00+00:00, run_after=2026-04-05 09:00:00+00:00
[2026-04-04T15:37:57.466+0000] {processor.py:183} INFO - Processing /opt/airflow/dags/football_dag.py took 0.393 seconds
[2026-04-04T15:38:00.162+0000] {processor.py:161} INFO - Started process (PID=164) to work on /opt/airflow/dags/football_dag.py
[2026-04-04T15:38:00.164+0000] {processor.py:830} INFO - Processing file /opt/airflow/dags/football_dag.py for tasks to queue
[2026-04-04T15:38:00.166+0000] {logging_mixin.py:188} INFO - [2026-04-04T15:38:00.166+0000] {dagbag.py:538} INFO - Filling up the DagBag from /opt/airflow/dags/football_dag.py
[2026-04-04T15:38:00.432+0000] {processor.py:840} INFO - DAG(s) 'football_pipeline' retrieved from /opt/airflow/dags/football_dag.py
[2026-04-04T15:38:00.458+0000] {logging_mixin.py:188} INFO - [2026-04-04T15:38:00.458+0000] {dag.py:3036} INFO - Sync 1 DAGs
[2026-04-04T15:38:00.488+0000] {logging_mixin.py:188} INFO - [2026-04-04T15:38:00.488+0000] {dag.py:3823} INFO - Setting next_dagrun for football_pipeline to 2026-04-04 09:00:00+00:00, run_after=2026-04-05 09:00:00+00:00
[2026-04-04T15:38:00.521+0000] {processor.py:183} INFO - Processing /opt/airflow/dags/football_dag.py took 0.362 seconds
[2026-04-04T15:38:27.782+0000] {processor.py:161} INFO - Started process (PID=139) to work on /opt/airflow/dags/football_dag.py
[2026-04-04T15:38:27.785+0000] {processor.py:830} INFO - Processing file /opt/airflow/dags/football_dag.py for tasks to queue
[2026-04-04T15:38:27.787+0000] {logging_mixin.py:188} INFO - [2026-04-04T15:38:27.786+0000] {dagbag.py:538} INFO - Filling up the DagBag from /opt/airflow/dags/football_dag.py
[2026-04-04T15:38:28.016+0000] {processor.py:840} INFO - DAG(s) 'football_pipeline' retrieved from /opt/airflow/dags/football_dag.py
[2026-04-04T15:38:28.033+0000] {logging_mixin.py:188} INFO - [2026-04-04T15:38:28.033+0000] {dag.py:3036} INFO - Sync 1 DAGs
[2026-04-04T15:38:28.048+0000] {logging_mixin.py:188} INFO - [2026-04-04T15:38:28.048+0000] {dag.py:3823} INFO - Setting next_dagrun for football_pipeline to 2026-04-04 09:00:00+00:00, run_after=2026-04-05 09:00:00+00:00
[2026-04-04T15:38:28.207+0000] {processor.py:183} INFO - Processing /opt/airflow/dags/football_dag.py took 0.430 seconds
[2026-04-04T15:38:58.428+0000] {processor.py:161} INFO - Started process (PID=141) to work on /opt/airflow/dags/football_dag.py
[2026-04-04T15:38:58.430+0000] {processor.py:830} INFO - Processing file /opt/airflow/dags/football_dag.py for tasks to queue
[2026-04-04T15:38:58.432+0000] {logging_mixin.py:188} INFO - [2026-04-04T15:38:58.431+0000] {dagbag.py:538} INFO - Filling up the DagBag from /opt/airflow/dags/football_dag.py
[2026-04-04T15:38:58.729+0000] {processor.py:840} INFO - DAG(s) 'football_pipeline' retrieved from /opt/airflow/dags/football_dag.py
[2026-04-04T15:38:58.751+0000] {logging_mixin.py:188} INFO - [2026-04-04T15:38:58.750+0000] {dag.py:3036} INFO - Sync 1 DAGs
[2026-04-04T15:38:58.772+0000] {logging_mixin.py:188} INFO - [2026-04-04T15:38:58.772+0000] {dag.py:3823} INFO - Setting next_dagrun for football_pipeline to 2026-04-04 09:00:00+00:00, run_after=2026-04-05 09:00:00+00:00
[2026-04-04T15:38:58.807+0000] {processor.py:183} INFO - Processing /opt/airflow/dags/football_dag.py took 0.385 seconds
